[2026-01-15T15:20:48.725+0000] {taskinstance.py:1979} INFO - Dependencies all met for dep_context=non-requeueable deps ti=<TaskInstance: ml_process_from_drift_to_ab.retrain_and_register scheduled__2026-01-14T00:00:00+00:00 [queued]>
[2026-01-15T15:20:48.733+0000] {taskinstance.py:1979} INFO - Dependencies all met for dep_context=requeueable deps ti=<TaskInstance: ml_process_from_drift_to_ab.retrain_and_register scheduled__2026-01-14T00:00:00+00:00 [queued]>
[2026-01-15T15:20:48.734+0000] {taskinstance.py:2193} INFO - Starting attempt 1 of 1
[2026-01-15T15:20:48.749+0000] {taskinstance.py:2217} INFO - Executing <Task(_PythonDecoratedOperator): retrain_and_register> on 2026-01-14 00:00:00+00:00
[2026-01-15T15:20:48.759+0000] {standard_task_runner.py:60} INFO - Started process 170 to run task
[2026-01-15T15:20:48.765+0000] {standard_task_runner.py:87} INFO - Running: ['airflow', 'tasks', 'run', 'ml_process_from_drift_to_ab', 'retrain_and_register', 'scheduled__2026-01-14T00:00:00+00:00', '--job-id', '6', '--raw', '--subdir', 'DAGS_FOLDER/ml_pipeline_dag.py', '--cfg-path', '/tmp/tmpr7_arie0']
[2026-01-15T15:20:48.769+0000] {standard_task_runner.py:88} INFO - Job 6: Subtask retrain_and_register
[2026-01-15T15:20:48.843+0000] {task_command.py:423} INFO - Running <TaskInstance: ml_process_from_drift_to_ab.retrain_and_register scheduled__2026-01-14T00:00:00+00:00 [running]> on host 34b64b3cfbbf
[2026-01-15T15:20:48.909+0000] {taskinstance.py:2513} INFO - Exporting env vars: AIRFLOW_CTX_DAG_OWNER='airflow' AIRFLOW_CTX_DAG_ID='ml_process_from_drift_to_ab' AIRFLOW_CTX_TASK_ID='retrain_and_register' AIRFLOW_CTX_EXECUTION_DATE='2026-01-14T00:00:00+00:00' AIRFLOW_CTX_TRY_NUMBER='1' AIRFLOW_CTX_DAG_RUN_ID='scheduled__2026-01-14T00:00:00+00:00'
[2026-01-15T15:20:48.956+0000] {connectionpool.py:872} WARNING - Retrying (Retry(total=4, connect=4, read=5, redirect=5, status=5)) after connection broken by 'NewConnectionError('<urllib3.connection.HTTPConnection object at 0x79d549271ff0>: Failed to establish a new connection: [Errno 111] Connection refused')': /api/2.0/mlflow/experiments/get-by-name?experiment_name=pycaret_automl
[2026-01-15T15:20:53.718+0000] {connectionpool.py:872} WARNING - Retrying (Retry(total=3, connect=3, read=5, redirect=5, status=5)) after connection broken by 'NewConnectionError('<urllib3.connection.HTTPConnection object at 0x79d5492706a0>: Failed to establish a new connection: [Errno 111] Connection refused')': /api/2.0/mlflow/experiments/get-by-name?experiment_name=pycaret_automl
[2026-01-15T15:21:01.785+0000] {connectionpool.py:872} WARNING - Retrying (Retry(total=2, connect=2, read=5, redirect=5, status=5)) after connection broken by 'NewConnectionError('<urllib3.connection.HTTPConnection object at 0x79d5492721d0>: Failed to establish a new connection: [Errno 111] Connection refused')': /api/2.0/mlflow/experiments/get-by-name?experiment_name=pycaret_automl
[2026-01-15T15:21:18.335+0000] {connectionpool.py:872} WARNING - Retrying (Retry(total=1, connect=1, read=5, redirect=5, status=5)) after connection broken by 'NewConnectionError('<urllib3.connection.HTTPConnection object at 0x79d549272110>: Failed to establish a new connection: [Errno 111] Connection refused')': /api/2.0/mlflow/experiments/get-by-name?experiment_name=pycaret_automl
[2026-01-15T15:21:50.931+0000] {connectionpool.py:872} WARNING - Retrying (Retry(total=0, connect=0, read=5, redirect=5, status=5)) after connection broken by 'NewConnectionError('<urllib3.connection.HTTPConnection object at 0x79d549271960>: Failed to establish a new connection: [Errno 111] Connection refused')': /api/2.0/mlflow/experiments/get-by-name?experiment_name=pycaret_automl
[2026-01-15T15:21:54.935+0000] {taskinstance.py:2731} ERROR - Task failed with exception
Traceback (most recent call last):
  File "/home/airflow/.local/lib/python3.10/site-packages/urllib3/connection.py", line 203, in _new_conn
    sock = connection.create_connection(
  File "/home/airflow/.local/lib/python3.10/site-packages/urllib3/util/connection.py", line 60, in create_connection
    for res in socket.getaddrinfo(host, port, family, socket.SOCK_STREAM):
  File "/usr/local/lib/python3.10/socket.py", line 955, in getaddrinfo
    for res in _socket.getaddrinfo(host, port, family, type, proto, flags):
socket.gaierror: [Errno -5] No address associated with hostname

The above exception was the direct cause of the following exception:

Traceback (most recent call last):
  File "/home/airflow/.local/lib/python3.10/site-packages/urllib3/connectionpool.py", line 791, in urlopen
    response = self._make_request(
  File "/home/airflow/.local/lib/python3.10/site-packages/urllib3/connectionpool.py", line 497, in _make_request
    conn.request(
  File "/home/airflow/.local/lib/python3.10/site-packages/urllib3/connection.py", line 395, in request
    self.endheaders()
  File "/usr/local/lib/python3.10/http/client.py", line 1278, in endheaders
    self._send_output(message_body, encode_chunked=encode_chunked)
  File "/usr/local/lib/python3.10/http/client.py", line 1038, in _send_output
    self.send(msg)
  File "/usr/local/lib/python3.10/http/client.py", line 976, in send
    self.connect()
  File "/home/airflow/.local/lib/python3.10/site-packages/urllib3/connection.py", line 243, in connect
    self.sock = self._new_conn()
  File "/home/airflow/.local/lib/python3.10/site-packages/urllib3/connection.py", line 210, in _new_conn
    raise NameResolutionError(self.host, self, e) from e
urllib3.exceptions.NameResolutionError: <urllib3.connection.HTTPConnection object at 0x79d549271720>: Failed to resolve 'mlflow' ([Errno -5] No address associated with hostname)

The above exception was the direct cause of the following exception:

Traceback (most recent call last):
  File "/home/airflow/.local/lib/python3.10/site-packages/requests/adapters.py", line 486, in send
    resp = conn.urlopen(
  File "/home/airflow/.local/lib/python3.10/site-packages/urllib3/connectionpool.py", line 875, in urlopen
    return self.urlopen(
  File "/home/airflow/.local/lib/python3.10/site-packages/urllib3/connectionpool.py", line 875, in urlopen
    return self.urlopen(
  File "/home/airflow/.local/lib/python3.10/site-packages/urllib3/connectionpool.py", line 875, in urlopen
    return self.urlopen(
  [Previous line repeated 2 more times]
  File "/home/airflow/.local/lib/python3.10/site-packages/urllib3/connectionpool.py", line 845, in urlopen
    retries = retries.increment(
  File "/home/airflow/.local/lib/python3.10/site-packages/urllib3/util/retry.py", line 515, in increment
    raise MaxRetryError(_pool, url, reason) from reason  # type: ignore[arg-type]
urllib3.exceptions.MaxRetryError: HTTPConnectionPool(host='mlflow', port=5000): Max retries exceeded with url: /api/2.0/mlflow/experiments/get-by-name?experiment_name=pycaret_automl (Caused by NameResolutionError("<urllib3.connection.HTTPConnection object at 0x79d549271720>: Failed to resolve 'mlflow' ([Errno -5] No address associated with hostname)"))

During handling of the above exception, another exception occurred:

Traceback (most recent call last):
  File "/home/airflow/.local/lib/python3.10/site-packages/mlflow/utils/rest_utils.py", line 129, in http_request
    return _get_http_response_with_retries(
  File "/home/airflow/.local/lib/python3.10/site-packages/mlflow/utils/request_utils.py", line 237, in _get_http_response_with_retries
    return session.request(method, url, allow_redirects=allow_redirects, **kwargs)
  File "/home/airflow/.local/lib/python3.10/site-packages/requests/sessions.py", line 589, in request
    resp = self.send(prep, **send_kwargs)
  File "/home/airflow/.local/lib/python3.10/site-packages/requests/sessions.py", line 703, in send
    r = adapter.send(request, **kwargs)
  File "/home/airflow/.local/lib/python3.10/site-packages/requests/adapters.py", line 519, in send
    raise ConnectionError(e, request=request)
requests.exceptions.ConnectionError: HTTPConnectionPool(host='mlflow', port=5000): Max retries exceeded with url: /api/2.0/mlflow/experiments/get-by-name?experiment_name=pycaret_automl (Caused by NameResolutionError("<urllib3.connection.HTTPConnection object at 0x79d549271720>: Failed to resolve 'mlflow' ([Errno -5] No address associated with hostname)"))

During handling of the above exception, another exception occurred:

Traceback (most recent call last):
  File "/home/airflow/.local/lib/python3.10/site-packages/airflow/models/taskinstance.py", line 444, in _execute_task
    result = _execute_callable(context=context, **execute_callable_kwargs)
  File "/home/airflow/.local/lib/python3.10/site-packages/airflow/models/taskinstance.py", line 414, in _execute_callable
    return execute_callable(context=context, **execute_callable_kwargs)
  File "/home/airflow/.local/lib/python3.10/site-packages/airflow/decorators/base.py", line 241, in execute
    return_value = super().execute(context)
  File "/home/airflow/.local/lib/python3.10/site-packages/airflow/operators/python.py", line 200, in execute
    return_value = self.execute_callable()
  File "/home/airflow/.local/lib/python3.10/site-packages/airflow/operators/python.py", line 217, in execute_callable
    return self.python_callable(*self.op_args, **self.op_kwargs)
  File "/opt/airflow/dags/ml_pipeline_dag.py", line 52, in retrain_and_register
    res = train_with_pycaret(
  File "/opt/airflow/src/train.py", line 20, in train_with_pycaret
    mlflow.set_experiment(experiment_name)
  File "/home/airflow/.local/lib/python3.10/site-packages/mlflow/tracking/fluent.py", line 143, in set_experiment
    experiment = client.get_experiment_by_name(experiment_name)
  File "/home/airflow/.local/lib/python3.10/site-packages/mlflow/tracking/client.py", line 1240, in get_experiment_by_name
    return self._tracking_client.get_experiment_by_name(name)
  File "/home/airflow/.local/lib/python3.10/site-packages/mlflow/tracking/_tracking_service/client.py", line 482, in get_experiment_by_name
    return self.store.get_experiment_by_name(name)
  File "/home/airflow/.local/lib/python3.10/site-packages/mlflow/store/tracking/rest_store.py", line 518, in get_experiment_by_name
    response_proto = self._call_endpoint(GetExperimentByName, req_body)
  File "/home/airflow/.local/lib/python3.10/site-packages/mlflow/store/tracking/rest_store.py", line 81, in _call_endpoint
    return call_endpoint(self.get_host_creds(), endpoint, method, json_body, response_proto)
  File "/home/airflow/.local/lib/python3.10/site-packages/mlflow/utils/rest_utils.py", line 299, in call_endpoint
    response = http_request(**call_kwargs)
  File "/home/airflow/.local/lib/python3.10/site-packages/mlflow/utils/rest_utils.py", line 152, in http_request
    raise MlflowException(f"API request to {url} failed with exception {e}")
mlflow.exceptions.MlflowException: API request to http://mlflow:5000/api/2.0/mlflow/experiments/get-by-name failed with exception HTTPConnectionPool(host='mlflow', port=5000): Max retries exceeded with url: /api/2.0/mlflow/experiments/get-by-name?experiment_name=pycaret_automl (Caused by NameResolutionError("<urllib3.connection.HTTPConnection object at 0x79d549271720>: Failed to resolve 'mlflow' ([Errno -5] No address associated with hostname)"))
[2026-01-15T15:21:54.958+0000] {taskinstance.py:1149} INFO - Marking task as FAILED. dag_id=ml_process_from_drift_to_ab, task_id=retrain_and_register, execution_date=20260114T000000, start_date=20260115T152048, end_date=20260115T152154
[2026-01-15T15:21:54.973+0000] {standard_task_runner.py:107} ERROR - Failed to execute job 6 for task retrain_and_register (API request to http://mlflow:5000/api/2.0/mlflow/experiments/get-by-name failed with exception HTTPConnectionPool(host='mlflow', port=5000): Max retries exceeded with url: /api/2.0/mlflow/experiments/get-by-name?experiment_name=pycaret_automl (Caused by NameResolutionError("<urllib3.connection.HTTPConnection object at 0x79d549271720>: Failed to resolve 'mlflow' ([Errno -5] No address associated with hostname)")); 170)
[2026-01-15T15:21:55.010+0000] {local_task_job_runner.py:234} INFO - Task exited with return code 1
[2026-01-15T15:21:55.022+0000] {taskinstance.py:3312} INFO - 0 downstream tasks scheduled from follow-on schedule check
[2026-01-15T15:30:31.515+0000] {taskinstance.py:1979} INFO - Dependencies all met for dep_context=non-requeueable deps ti=<TaskInstance: ml_process_from_drift_to_ab.retrain_and_register scheduled__2026-01-14T00:00:00+00:00 [queued]>
[2026-01-15T15:30:31.524+0000] {taskinstance.py:1979} INFO - Dependencies all met for dep_context=requeueable deps ti=<TaskInstance: ml_process_from_drift_to_ab.retrain_and_register scheduled__2026-01-14T00:00:00+00:00 [queued]>
[2026-01-15T15:30:31.525+0000] {taskinstance.py:2193} INFO - Starting attempt 1 of 1
[2026-01-15T15:30:31.539+0000] {taskinstance.py:2217} INFO - Executing <Task(_PythonDecoratedOperator): retrain_and_register> on 2026-01-14 00:00:00+00:00
[2026-01-15T15:30:31.548+0000] {standard_task_runner.py:60} INFO - Started process 230 to run task
[2026-01-15T15:30:31.556+0000] {standard_task_runner.py:87} INFO - Running: ['airflow', 'tasks', 'run', 'ml_process_from_drift_to_ab', 'retrain_and_register', 'scheduled__2026-01-14T00:00:00+00:00', '--job-id', '6', '--raw', '--subdir', 'DAGS_FOLDER/ml_pipeline_dag.py', '--cfg-path', '/tmp/tmpqmqyqly5']
[2026-01-15T15:30:31.560+0000] {standard_task_runner.py:88} INFO - Job 6: Subtask retrain_and_register
[2026-01-15T15:30:31.637+0000] {task_command.py:423} INFO - Running <TaskInstance: ml_process_from_drift_to_ab.retrain_and_register scheduled__2026-01-14T00:00:00+00:00 [running]> on host 281ad3ab97b0
[2026-01-15T15:30:31.703+0000] {taskinstance.py:2513} INFO - Exporting env vars: AIRFLOW_CTX_DAG_OWNER='airflow' AIRFLOW_CTX_DAG_ID='ml_process_from_drift_to_ab' AIRFLOW_CTX_TASK_ID='retrain_and_register' AIRFLOW_CTX_EXECUTION_DATE='2026-01-14T00:00:00+00:00' AIRFLOW_CTX_TRY_NUMBER='1' AIRFLOW_CTX_DAG_RUN_ID='scheduled__2026-01-14T00:00:00+00:00'
[2026-01-15T15:30:32.992+0000] {logging_mixin.py:188} WARNING - 2026/01/15 15:30:32 WARNING mlflow.utils.git_utils: Failed to import Git (the Git executable is probably not on your PATH), so Git SHA is not available. Error: Failed to initialize: Bad git executable.
The git executable must be specified in one of the following ways:
    - be included in your $PATH
    - be set via $GIT_PYTHON_GIT_EXECUTABLE
    - explicitly set via git.refresh(<full-path-to-git-executable>)

All git commands will error until this is rectified.

This initial message can be silenced or aggravated in the future by setting the
$GIT_PYTHON_REFRESH environment variable. Use one of the following values:
    - quiet|q|silence|s|silent|none|n|0: for no message or exception
    - warn|w|warning|log|l|1: for a warning message (logging level CRITICAL, displayed by default)
    - error|e|exception|raise|r|2: for a raised exception

Example:
    export GIT_PYTHON_REFRESH=quiet
[2026-01-15T15:30:35.441+0000] {taskinstance.py:2731} ERROR - Task failed with exception
Traceback (most recent call last):
  File "/home/airflow/.local/lib/python3.10/site-packages/airflow/models/taskinstance.py", line 444, in _execute_task
    result = _execute_callable(context=context, **execute_callable_kwargs)
  File "/home/airflow/.local/lib/python3.10/site-packages/airflow/models/taskinstance.py", line 414, in _execute_callable
    return execute_callable(context=context, **execute_callable_kwargs)
  File "/home/airflow/.local/lib/python3.10/site-packages/airflow/decorators/base.py", line 241, in execute
    return_value = super().execute(context)
  File "/home/airflow/.local/lib/python3.10/site-packages/airflow/operators/python.py", line 200, in execute
    return_value = self.execute_callable()
  File "/home/airflow/.local/lib/python3.10/site-packages/airflow/operators/python.py", line 217, in execute_callable
    return self.python_callable(*self.op_args, **self.op_kwargs)
  File "/opt/airflow/dags/ml_pipeline_dag.py", line 52, in retrain_and_register
    res = train_with_pycaret(
  File "/opt/airflow/src/train.py", line 25, in train_with_pycaret
    setup(
  File "/home/airflow/.local/lib/python3.10/site-packages/pycaret/classification/functional.py", line 595, in setup
    return exp.setup(
  File "/home/airflow/.local/lib/python3.10/site-packages/pycaret/classification/oop.py", line 1014, in setup
    self._set_up_logging(
  File "/home/airflow/.local/lib/python3.10/site-packages/pycaret/internal/pycaret_experiment/supervised_experiment.py", line 268, in _set_up_logging
    self.logging_param.log_experiment(
  File "/home/airflow/.local/lib/python3.10/site-packages/pycaret/loggers/dashboard_logger.py", line 229, in log_experiment
    [
  File "/home/airflow/.local/lib/python3.10/site-packages/pycaret/loggers/dashboard_logger.py", line 230, in <listcomp>
    logger.log_artifact(
  File "/home/airflow/.local/lib/python3.10/site-packages/pycaret/loggers/mlflow_logger.py", line 125, in log_artifact
    mlflow.log_artifact(file)
  File "/home/airflow/.local/lib/python3.10/site-packages/mlflow/tracking/fluent.py", line 1068, in log_artifact
    MlflowClient().log_artifact(run_id, local_path, artifact_path)
  File "/home/airflow/.local/lib/python3.10/site-packages/mlflow/tracking/client.py", line 1914, in log_artifact
    self._tracking_client.log_artifact(run_id, local_path, artifact_path)
  File "/home/airflow/.local/lib/python3.10/site-packages/mlflow/tracking/_tracking_service/client.py", line 810, in log_artifact
    artifact_repo.log_artifact(local_path, artifact_path)
  File "/home/airflow/.local/lib/python3.10/site-packages/mlflow/store/artifact/local_artifact_repo.py", line 43, in log_artifact
    mkdir(artifact_dir)
  File "/home/airflow/.local/lib/python3.10/site-packages/mlflow/utils/file_utils.py", line 214, in mkdir
    raise e
  File "/home/airflow/.local/lib/python3.10/site-packages/mlflow/utils/file_utils.py", line 211, in mkdir
    os.makedirs(target, exist_ok=True)
  File "/usr/local/lib/python3.10/os.py", line 215, in makedirs
    makedirs(head, exist_ok=exist_ok)
  File "/usr/local/lib/python3.10/os.py", line 215, in makedirs
    makedirs(head, exist_ok=exist_ok)
  File "/usr/local/lib/python3.10/os.py", line 215, in makedirs
    makedirs(head, exist_ok=exist_ok)
  File "/usr/local/lib/python3.10/os.py", line 225, in makedirs
    mkdir(name, mode)
PermissionError: [Errno 13] Permission denied: '/mlruns'
[2026-01-15T15:30:35.464+0000] {taskinstance.py:1149} INFO - Marking task as FAILED. dag_id=ml_process_from_drift_to_ab, task_id=retrain_and_register, execution_date=20260114T000000, start_date=20260115T153031, end_date=20260115T153035
[2026-01-15T15:30:35.477+0000] {standard_task_runner.py:107} ERROR - Failed to execute job 6 for task retrain_and_register ([Errno 13] Permission denied: '/mlruns'; 230)
[2026-01-15T15:30:35.503+0000] {local_task_job_runner.py:234} INFO - Task exited with return code 1
[2026-01-15T15:30:35.517+0000] {taskinstance.py:3312} INFO - 0 downstream tasks scheduled from follow-on schedule check
[2026-01-15T15:39:18.452+0000] {taskinstance.py:1979} INFO - Dependencies all met for dep_context=non-requeueable deps ti=<TaskInstance: ml_process_from_drift_to_ab.retrain_and_register scheduled__2026-01-14T00:00:00+00:00 [queued]>
[2026-01-15T15:39:18.460+0000] {taskinstance.py:1979} INFO - Dependencies all met for dep_context=requeueable deps ti=<TaskInstance: ml_process_from_drift_to_ab.retrain_and_register scheduled__2026-01-14T00:00:00+00:00 [queued]>
[2026-01-15T15:39:18.460+0000] {taskinstance.py:2193} INFO - Starting attempt 1 of 1
[2026-01-15T15:39:18.474+0000] {taskinstance.py:2217} INFO - Executing <Task(_PythonDecoratedOperator): retrain_and_register> on 2026-01-14 00:00:00+00:00
[2026-01-15T15:39:18.482+0000] {standard_task_runner.py:60} INFO - Started process 230 to run task
[2026-01-15T15:39:18.487+0000] {standard_task_runner.py:87} INFO - Running: ['airflow', 'tasks', 'run', 'ml_process_from_drift_to_ab', 'retrain_and_register', 'scheduled__2026-01-14T00:00:00+00:00', '--job-id', '6', '--raw', '--subdir', 'DAGS_FOLDER/ml_pipeline_dag.py', '--cfg-path', '/tmp/tmpn899st2y']
[2026-01-15T15:39:18.491+0000] {standard_task_runner.py:88} INFO - Job 6: Subtask retrain_and_register
[2026-01-15T15:39:18.561+0000] {task_command.py:423} INFO - Running <TaskInstance: ml_process_from_drift_to_ab.retrain_and_register scheduled__2026-01-14T00:00:00+00:00 [running]> on host 6972b1b1dd6e
[2026-01-15T15:39:18.624+0000] {taskinstance.py:2513} INFO - Exporting env vars: AIRFLOW_CTX_DAG_OWNER='airflow' AIRFLOW_CTX_DAG_ID='ml_process_from_drift_to_ab' AIRFLOW_CTX_TASK_ID='retrain_and_register' AIRFLOW_CTX_EXECUTION_DATE='2026-01-14T00:00:00+00:00' AIRFLOW_CTX_TRY_NUMBER='1' AIRFLOW_CTX_DAG_RUN_ID='scheduled__2026-01-14T00:00:00+00:00'
[2026-01-15T15:39:19.637+0000] {logging_mixin.py:188} WARNING - 2026/01/15 15:39:19 WARNING mlflow.utils.git_utils: Failed to import Git (the Git executable is probably not on your PATH), so Git SHA is not available. Error: Failed to initialize: Bad git executable.
The git executable must be specified in one of the following ways:
    - be included in your $PATH
    - be set via $GIT_PYTHON_GIT_EXECUTABLE
    - explicitly set via git.refresh(<full-path-to-git-executable>)

All git commands will error until this is rectified.

This initial message can be silenced or aggravated in the future by setting the
$GIT_PYTHON_REFRESH environment variable. Use one of the following values:
    - quiet|q|silence|s|silent|none|n|0: for no message or exception
    - warn|w|warning|log|l|1: for a warning message (logging level CRITICAL, displayed by default)
    - error|e|exception|raise|r|2: for a raised exception

Example:
    export GIT_PYTHON_REFRESH=quiet
[2026-01-15T15:39:21.461+0000] {taskinstance.py:2731} ERROR - Task failed with exception
Traceback (most recent call last):
  File "/home/airflow/.local/lib/python3.10/site-packages/airflow/models/taskinstance.py", line 444, in _execute_task
    result = _execute_callable(context=context, **execute_callable_kwargs)
  File "/home/airflow/.local/lib/python3.10/site-packages/airflow/models/taskinstance.py", line 414, in _execute_callable
    return execute_callable(context=context, **execute_callable_kwargs)
  File "/home/airflow/.local/lib/python3.10/site-packages/airflow/decorators/base.py", line 241, in execute
    return_value = super().execute(context)
  File "/home/airflow/.local/lib/python3.10/site-packages/airflow/operators/python.py", line 200, in execute
    return_value = self.execute_callable()
  File "/home/airflow/.local/lib/python3.10/site-packages/airflow/operators/python.py", line 217, in execute_callable
    return self.python_callable(*self.op_args, **self.op_kwargs)
  File "/opt/airflow/dags/ml_pipeline_dag.py", line 52, in retrain_and_register
    res = train_with_pycaret(
  File "/opt/airflow/src/train.py", line 25, in train_with_pycaret
    setup(
  File "/home/airflow/.local/lib/python3.10/site-packages/pycaret/classification/functional.py", line 595, in setup
    return exp.setup(
  File "/home/airflow/.local/lib/python3.10/site-packages/pycaret/classification/oop.py", line 1014, in setup
    self._set_up_logging(
  File "/home/airflow/.local/lib/python3.10/site-packages/pycaret/internal/pycaret_experiment/supervised_experiment.py", line 268, in _set_up_logging
    self.logging_param.log_experiment(
  File "/home/airflow/.local/lib/python3.10/site-packages/pycaret/loggers/dashboard_logger.py", line 229, in log_experiment
    [
  File "/home/airflow/.local/lib/python3.10/site-packages/pycaret/loggers/dashboard_logger.py", line 230, in <listcomp>
    logger.log_artifact(
  File "/home/airflow/.local/lib/python3.10/site-packages/pycaret/loggers/mlflow_logger.py", line 125, in log_artifact
    mlflow.log_artifact(file)
  File "/home/airflow/.local/lib/python3.10/site-packages/mlflow/tracking/fluent.py", line 1068, in log_artifact
    MlflowClient().log_artifact(run_id, local_path, artifact_path)
  File "/home/airflow/.local/lib/python3.10/site-packages/mlflow/tracking/client.py", line 1914, in log_artifact
    self._tracking_client.log_artifact(run_id, local_path, artifact_path)
  File "/home/airflow/.local/lib/python3.10/site-packages/mlflow/tracking/_tracking_service/client.py", line 810, in log_artifact
    artifact_repo.log_artifact(local_path, artifact_path)
  File "/home/airflow/.local/lib/python3.10/site-packages/mlflow/store/artifact/local_artifact_repo.py", line 43, in log_artifact
    mkdir(artifact_dir)
  File "/home/airflow/.local/lib/python3.10/site-packages/mlflow/utils/file_utils.py", line 214, in mkdir
    raise e
  File "/home/airflow/.local/lib/python3.10/site-packages/mlflow/utils/file_utils.py", line 211, in mkdir
    os.makedirs(target, exist_ok=True)
  File "/usr/local/lib/python3.10/os.py", line 215, in makedirs
    makedirs(head, exist_ok=exist_ok)
  File "/usr/local/lib/python3.10/os.py", line 215, in makedirs
    makedirs(head, exist_ok=exist_ok)
  File "/usr/local/lib/python3.10/os.py", line 215, in makedirs
    makedirs(head, exist_ok=exist_ok)
  File "/usr/local/lib/python3.10/os.py", line 225, in makedirs
    mkdir(name, mode)
PermissionError: [Errno 13] Permission denied: '/mlruns'
[2026-01-15T15:39:21.483+0000] {taskinstance.py:1149} INFO - Marking task as FAILED. dag_id=ml_process_from_drift_to_ab, task_id=retrain_and_register, execution_date=20260114T000000, start_date=20260115T153918, end_date=20260115T153921
[2026-01-15T15:39:21.515+0000] {standard_task_runner.py:107} ERROR - Failed to execute job 6 for task retrain_and_register ([Errno 13] Permission denied: '/mlruns'; 230)
[2026-01-15T15:39:21.552+0000] {local_task_job_runner.py:234} INFO - Task exited with return code 1
[2026-01-15T15:39:21.568+0000] {taskinstance.py:3312} INFO - 0 downstream tasks scheduled from follow-on schedule check
[2026-01-15T15:42:39.373+0000] {taskinstance.py:1979} INFO - Dependencies all met for dep_context=non-requeueable deps ti=<TaskInstance: ml_process_from_drift_to_ab.retrain_and_register scheduled__2026-01-14T00:00:00+00:00 [queued]>
[2026-01-15T15:42:39.380+0000] {taskinstance.py:1979} INFO - Dependencies all met for dep_context=requeueable deps ti=<TaskInstance: ml_process_from_drift_to_ab.retrain_and_register scheduled__2026-01-14T00:00:00+00:00 [queued]>
[2026-01-15T15:42:39.381+0000] {taskinstance.py:2193} INFO - Starting attempt 1 of 1
[2026-01-15T15:42:39.394+0000] {taskinstance.py:2217} INFO - Executing <Task(_PythonDecoratedOperator): retrain_and_register> on 2026-01-14 00:00:00+00:00
[2026-01-15T15:42:39.402+0000] {standard_task_runner.py:60} INFO - Started process 230 to run task
[2026-01-15T15:42:39.407+0000] {standard_task_runner.py:87} INFO - Running: ['airflow', 'tasks', 'run', 'ml_process_from_drift_to_ab', 'retrain_and_register', 'scheduled__2026-01-14T00:00:00+00:00', '--job-id', '6', '--raw', '--subdir', 'DAGS_FOLDER/ml_pipeline_dag.py', '--cfg-path', '/tmp/tmphxmm8c43']
[2026-01-15T15:42:39.411+0000] {standard_task_runner.py:88} INFO - Job 6: Subtask retrain_and_register
[2026-01-15T15:42:39.483+0000] {task_command.py:423} INFO - Running <TaskInstance: ml_process_from_drift_to_ab.retrain_and_register scheduled__2026-01-14T00:00:00+00:00 [running]> on host d38751901194
[2026-01-15T15:42:39.544+0000] {taskinstance.py:2513} INFO - Exporting env vars: AIRFLOW_CTX_DAG_OWNER='airflow' AIRFLOW_CTX_DAG_ID='ml_process_from_drift_to_ab' AIRFLOW_CTX_TASK_ID='retrain_and_register' AIRFLOW_CTX_EXECUTION_DATE='2026-01-14T00:00:00+00:00' AIRFLOW_CTX_TRY_NUMBER='1' AIRFLOW_CTX_DAG_RUN_ID='scheduled__2026-01-14T00:00:00+00:00'
[2026-01-15T15:42:40.846+0000] {logging_mixin.py:188} WARNING - 2026/01/15 15:42:40 WARNING mlflow.utils.git_utils: Failed to import Git (the Git executable is probably not on your PATH), so Git SHA is not available. Error: Failed to initialize: Bad git executable.
The git executable must be specified in one of the following ways:
    - be included in your $PATH
    - be set via $GIT_PYTHON_GIT_EXECUTABLE
    - explicitly set via git.refresh(<full-path-to-git-executable>)

All git commands will error until this is rectified.

This initial message can be silenced or aggravated in the future by setting the
$GIT_PYTHON_REFRESH environment variable. Use one of the following values:
    - quiet|q|silence|s|silent|none|n|0: for no message or exception
    - warn|w|warning|log|l|1: for a warning message (logging level CRITICAL, displayed by default)
    - error|e|exception|raise|r|2: for a raised exception

Example:
    export GIT_PYTHON_REFRESH=quiet
[2026-01-15T15:42:43.217+0000] {taskinstance.py:2731} ERROR - Task failed with exception
Traceback (most recent call last):
  File "/home/airflow/.local/lib/python3.10/site-packages/airflow/models/taskinstance.py", line 444, in _execute_task
    result = _execute_callable(context=context, **execute_callable_kwargs)
  File "/home/airflow/.local/lib/python3.10/site-packages/airflow/models/taskinstance.py", line 414, in _execute_callable
    return execute_callable(context=context, **execute_callable_kwargs)
  File "/home/airflow/.local/lib/python3.10/site-packages/airflow/decorators/base.py", line 241, in execute
    return_value = super().execute(context)
  File "/home/airflow/.local/lib/python3.10/site-packages/airflow/operators/python.py", line 200, in execute
    return_value = self.execute_callable()
  File "/home/airflow/.local/lib/python3.10/site-packages/airflow/operators/python.py", line 217, in execute_callable
    return self.python_callable(*self.op_args, **self.op_kwargs)
  File "/opt/airflow/dags/ml_pipeline_dag.py", line 52, in retrain_and_register
    res = train_with_pycaret(
  File "/opt/airflow/src/train.py", line 25, in train_with_pycaret
    setup(
  File "/home/airflow/.local/lib/python3.10/site-packages/pycaret/classification/functional.py", line 595, in setup
    return exp.setup(
  File "/home/airflow/.local/lib/python3.10/site-packages/pycaret/classification/oop.py", line 1014, in setup
    self._set_up_logging(
  File "/home/airflow/.local/lib/python3.10/site-packages/pycaret/internal/pycaret_experiment/supervised_experiment.py", line 268, in _set_up_logging
    self.logging_param.log_experiment(
  File "/home/airflow/.local/lib/python3.10/site-packages/pycaret/loggers/dashboard_logger.py", line 229, in log_experiment
    [
  File "/home/airflow/.local/lib/python3.10/site-packages/pycaret/loggers/dashboard_logger.py", line 230, in <listcomp>
    logger.log_artifact(
  File "/home/airflow/.local/lib/python3.10/site-packages/pycaret/loggers/mlflow_logger.py", line 125, in log_artifact
    mlflow.log_artifact(file)
  File "/home/airflow/.local/lib/python3.10/site-packages/mlflow/tracking/fluent.py", line 1068, in log_artifact
    MlflowClient().log_artifact(run_id, local_path, artifact_path)
  File "/home/airflow/.local/lib/python3.10/site-packages/mlflow/tracking/client.py", line 1914, in log_artifact
    self._tracking_client.log_artifact(run_id, local_path, artifact_path)
  File "/home/airflow/.local/lib/python3.10/site-packages/mlflow/tracking/_tracking_service/client.py", line 810, in log_artifact
    artifact_repo.log_artifact(local_path, artifact_path)
  File "/home/airflow/.local/lib/python3.10/site-packages/mlflow/store/artifact/local_artifact_repo.py", line 43, in log_artifact
    mkdir(artifact_dir)
  File "/home/airflow/.local/lib/python3.10/site-packages/mlflow/utils/file_utils.py", line 214, in mkdir
    raise e
  File "/home/airflow/.local/lib/python3.10/site-packages/mlflow/utils/file_utils.py", line 211, in mkdir
    os.makedirs(target, exist_ok=True)
  File "/usr/local/lib/python3.10/os.py", line 215, in makedirs
    makedirs(head, exist_ok=exist_ok)
  File "/usr/local/lib/python3.10/os.py", line 215, in makedirs
    makedirs(head, exist_ok=exist_ok)
  File "/usr/local/lib/python3.10/os.py", line 215, in makedirs
    makedirs(head, exist_ok=exist_ok)
  File "/usr/local/lib/python3.10/os.py", line 225, in makedirs
    mkdir(name, mode)
PermissionError: [Errno 13] Permission denied: '/mlruns'
[2026-01-15T15:42:43.232+0000] {taskinstance.py:1149} INFO - Marking task as FAILED. dag_id=ml_process_from_drift_to_ab, task_id=retrain_and_register, execution_date=20260114T000000, start_date=20260115T154239, end_date=20260115T154243
[2026-01-15T15:42:43.247+0000] {standard_task_runner.py:107} ERROR - Failed to execute job 6 for task retrain_and_register ([Errno 13] Permission denied: '/mlruns'; 230)
[2026-01-15T15:42:43.278+0000] {local_task_job_runner.py:234} INFO - Task exited with return code 1
[2026-01-15T15:42:43.292+0000] {taskinstance.py:3312} INFO - 0 downstream tasks scheduled from follow-on schedule check
[2026-01-15T15:46:32.025+0000] {taskinstance.py:1979} INFO - Dependencies all met for dep_context=non-requeueable deps ti=<TaskInstance: ml_process_from_drift_to_ab.retrain_and_register scheduled__2026-01-14T00:00:00+00:00 [queued]>
[2026-01-15T15:46:32.035+0000] {taskinstance.py:1979} INFO - Dependencies all met for dep_context=requeueable deps ti=<TaskInstance: ml_process_from_drift_to_ab.retrain_and_register scheduled__2026-01-14T00:00:00+00:00 [queued]>
[2026-01-15T15:46:32.035+0000] {taskinstance.py:2193} INFO - Starting attempt 1 of 1
[2026-01-15T15:46:32.051+0000] {taskinstance.py:2217} INFO - Executing <Task(_PythonDecoratedOperator): retrain_and_register> on 2026-01-14 00:00:00+00:00
[2026-01-15T15:46:32.062+0000] {standard_task_runner.py:60} INFO - Started process 148 to run task
[2026-01-15T15:46:32.069+0000] {standard_task_runner.py:87} INFO - Running: ['airflow', 'tasks', 'run', 'ml_process_from_drift_to_ab', 'retrain_and_register', 'scheduled__2026-01-14T00:00:00+00:00', '--job-id', '6', '--raw', '--subdir', 'DAGS_FOLDER/ml_pipeline_dag.py', '--cfg-path', '/tmp/tmpb4uoo_ia']
[2026-01-15T15:46:32.073+0000] {standard_task_runner.py:88} INFO - Job 6: Subtask retrain_and_register
[2026-01-15T15:46:32.152+0000] {task_command.py:423} INFO - Running <TaskInstance: ml_process_from_drift_to_ab.retrain_and_register scheduled__2026-01-14T00:00:00+00:00 [running]> on host a01f58bd74ca
[2026-01-15T15:46:32.214+0000] {taskinstance.py:2513} INFO - Exporting env vars: AIRFLOW_CTX_DAG_OWNER='airflow' AIRFLOW_CTX_DAG_ID='ml_process_from_drift_to_ab' AIRFLOW_CTX_TASK_ID='retrain_and_register' AIRFLOW_CTX_EXECUTION_DATE='2026-01-14T00:00:00+00:00' AIRFLOW_CTX_TRY_NUMBER='1' AIRFLOW_CTX_DAG_RUN_ID='scheduled__2026-01-14T00:00:00+00:00'
[2026-01-15T15:46:34.199+0000] {logging_mixin.py:188} WARNING - 2026/01/15 15:46:34 WARNING mlflow.utils.git_utils: Failed to import Git (the Git executable is probably not on your PATH), so Git SHA is not available. Error: Failed to initialize: Bad git executable.
The git executable must be specified in one of the following ways:
    - be included in your $PATH
    - be set via $GIT_PYTHON_GIT_EXECUTABLE
    - explicitly set via git.refresh(<full-path-to-git-executable>)

All git commands will error until this is rectified.

This initial message can be silenced or aggravated in the future by setting the
$GIT_PYTHON_REFRESH environment variable. Use one of the following values:
    - quiet|q|silence|s|silent|none|n|0: for no message or exception
    - warn|w|warning|log|l|1: for a warning message (logging level CRITICAL, displayed by default)
    - error|e|exception|raise|r|2: for a raised exception

Example:
    export GIT_PYTHON_REFRESH=quiet
[2026-01-15T15:46:37.169+0000] {taskinstance.py:2731} ERROR - Task failed with exception
Traceback (most recent call last):
  File "/home/airflow/.local/lib/python3.10/site-packages/airflow/models/taskinstance.py", line 444, in _execute_task
    result = _execute_callable(context=context, **execute_callable_kwargs)
  File "/home/airflow/.local/lib/python3.10/site-packages/airflow/models/taskinstance.py", line 414, in _execute_callable
    return execute_callable(context=context, **execute_callable_kwargs)
  File "/home/airflow/.local/lib/python3.10/site-packages/airflow/decorators/base.py", line 241, in execute
    return_value = super().execute(context)
  File "/home/airflow/.local/lib/python3.10/site-packages/airflow/operators/python.py", line 200, in execute
    return_value = self.execute_callable()
  File "/home/airflow/.local/lib/python3.10/site-packages/airflow/operators/python.py", line 217, in execute_callable
    return self.python_callable(*self.op_args, **self.op_kwargs)
  File "/opt/airflow/dags/ml_pipeline_dag.py", line 52, in retrain_and_register
    res = train_with_pycaret(
  File "/opt/airflow/src/train.py", line 25, in train_with_pycaret
    setup(
  File "/home/airflow/.local/lib/python3.10/site-packages/pycaret/classification/functional.py", line 595, in setup
    return exp.setup(
  File "/home/airflow/.local/lib/python3.10/site-packages/pycaret/classification/oop.py", line 1014, in setup
    self._set_up_logging(
  File "/home/airflow/.local/lib/python3.10/site-packages/pycaret/internal/pycaret_experiment/supervised_experiment.py", line 268, in _set_up_logging
    self.logging_param.log_experiment(
  File "/home/airflow/.local/lib/python3.10/site-packages/pycaret/loggers/dashboard_logger.py", line 229, in log_experiment
    [
  File "/home/airflow/.local/lib/python3.10/site-packages/pycaret/loggers/dashboard_logger.py", line 230, in <listcomp>
    logger.log_artifact(
  File "/home/airflow/.local/lib/python3.10/site-packages/pycaret/loggers/mlflow_logger.py", line 125, in log_artifact
    mlflow.log_artifact(file)
  File "/home/airflow/.local/lib/python3.10/site-packages/mlflow/tracking/fluent.py", line 1068, in log_artifact
    MlflowClient().log_artifact(run_id, local_path, artifact_path)
  File "/home/airflow/.local/lib/python3.10/site-packages/mlflow/tracking/client.py", line 1914, in log_artifact
    self._tracking_client.log_artifact(run_id, local_path, artifact_path)
  File "/home/airflow/.local/lib/python3.10/site-packages/mlflow/tracking/_tracking_service/client.py", line 810, in log_artifact
    artifact_repo.log_artifact(local_path, artifact_path)
  File "/home/airflow/.local/lib/python3.10/site-packages/mlflow/store/artifact/local_artifact_repo.py", line 43, in log_artifact
    mkdir(artifact_dir)
  File "/home/airflow/.local/lib/python3.10/site-packages/mlflow/utils/file_utils.py", line 214, in mkdir
    raise e
  File "/home/airflow/.local/lib/python3.10/site-packages/mlflow/utils/file_utils.py", line 211, in mkdir
    os.makedirs(target, exist_ok=True)
  File "/usr/local/lib/python3.10/os.py", line 215, in makedirs
    makedirs(head, exist_ok=exist_ok)
  File "/usr/local/lib/python3.10/os.py", line 215, in makedirs
    makedirs(head, exist_ok=exist_ok)
  File "/usr/local/lib/python3.10/os.py", line 215, in makedirs
    makedirs(head, exist_ok=exist_ok)
  File "/usr/local/lib/python3.10/os.py", line 225, in makedirs
    mkdir(name, mode)
PermissionError: [Errno 13] Permission denied: '/mlruns'
[2026-01-15T15:46:37.196+0000] {taskinstance.py:1149} INFO - Marking task as FAILED. dag_id=ml_process_from_drift_to_ab, task_id=retrain_and_register, execution_date=20260114T000000, start_date=20260115T154632, end_date=20260115T154637
[2026-01-15T15:46:37.210+0000] {standard_task_runner.py:107} ERROR - Failed to execute job 6 for task retrain_and_register ([Errno 13] Permission denied: '/mlruns'; 148)
[2026-01-15T15:46:37.254+0000] {local_task_job_runner.py:234} INFO - Task exited with return code 1
[2026-01-15T15:46:37.265+0000] {taskinstance.py:3312} INFO - 0 downstream tasks scheduled from follow-on schedule check
[2026-01-15T15:49:11.271+0000] {taskinstance.py:1979} INFO - Dependencies all met for dep_context=non-requeueable deps ti=<TaskInstance: ml_process_from_drift_to_ab.retrain_and_register scheduled__2026-01-14T00:00:00+00:00 [queued]>
[2026-01-15T15:49:11.283+0000] {taskinstance.py:1979} INFO - Dependencies all met for dep_context=requeueable deps ti=<TaskInstance: ml_process_from_drift_to_ab.retrain_and_register scheduled__2026-01-14T00:00:00+00:00 [queued]>
[2026-01-15T15:49:11.284+0000] {taskinstance.py:2193} INFO - Starting attempt 1 of 1
[2026-01-15T15:49:11.334+0000] {taskinstance.py:2217} INFO - Executing <Task(_PythonDecoratedOperator): retrain_and_register> on 2026-01-14 00:00:00+00:00
[2026-01-15T15:49:11.344+0000] {standard_task_runner.py:60} INFO - Started process 230 to run task
[2026-01-15T15:49:11.349+0000] {standard_task_runner.py:87} INFO - Running: ['airflow', 'tasks', 'run', 'ml_process_from_drift_to_ab', 'retrain_and_register', 'scheduled__2026-01-14T00:00:00+00:00', '--job-id', '6', '--raw', '--subdir', 'DAGS_FOLDER/ml_pipeline_dag.py', '--cfg-path', '/tmp/tmpne51_fka']
[2026-01-15T15:49:11.352+0000] {standard_task_runner.py:88} INFO - Job 6: Subtask retrain_and_register
[2026-01-15T15:49:11.424+0000] {task_command.py:423} INFO - Running <TaskInstance: ml_process_from_drift_to_ab.retrain_and_register scheduled__2026-01-14T00:00:00+00:00 [running]> on host 2f13b3fdb60d
[2026-01-15T15:49:11.487+0000] {taskinstance.py:2513} INFO - Exporting env vars: AIRFLOW_CTX_DAG_OWNER='airflow' AIRFLOW_CTX_DAG_ID='ml_process_from_drift_to_ab' AIRFLOW_CTX_TASK_ID='retrain_and_register' AIRFLOW_CTX_EXECUTION_DATE='2026-01-14T00:00:00+00:00' AIRFLOW_CTX_TRY_NUMBER='1' AIRFLOW_CTX_DAG_RUN_ID='scheduled__2026-01-14T00:00:00+00:00'
[2026-01-15T15:49:12.929+0000] {logging_mixin.py:188} WARNING - 2026/01/15 15:49:12 WARNING mlflow.utils.git_utils: Failed to import Git (the Git executable is probably not on your PATH), so Git SHA is not available. Error: Failed to initialize: Bad git executable.
The git executable must be specified in one of the following ways:
    - be included in your $PATH
    - be set via $GIT_PYTHON_GIT_EXECUTABLE
    - explicitly set via git.refresh(<full-path-to-git-executable>)

All git commands will error until this is rectified.

This initial message can be silenced or aggravated in the future by setting the
$GIT_PYTHON_REFRESH environment variable. Use one of the following values:
    - quiet|q|silence|s|silent|none|n|0: for no message or exception
    - warn|w|warning|log|l|1: for a warning message (logging level CRITICAL, displayed by default)
    - error|e|exception|raise|r|2: for a raised exception

Example:
    export GIT_PYTHON_REFRESH=quiet
[2026-01-15T15:49:14.565+0000] {taskinstance.py:2731} ERROR - Task failed with exception
Traceback (most recent call last):
  File "/home/airflow/.local/lib/python3.10/site-packages/airflow/models/taskinstance.py", line 444, in _execute_task
    result = _execute_callable(context=context, **execute_callable_kwargs)
  File "/home/airflow/.local/lib/python3.10/site-packages/airflow/models/taskinstance.py", line 414, in _execute_callable
    return execute_callable(context=context, **execute_callable_kwargs)
  File "/home/airflow/.local/lib/python3.10/site-packages/airflow/decorators/base.py", line 241, in execute
    return_value = super().execute(context)
  File "/home/airflow/.local/lib/python3.10/site-packages/airflow/operators/python.py", line 200, in execute
    return_value = self.execute_callable()
  File "/home/airflow/.local/lib/python3.10/site-packages/airflow/operators/python.py", line 217, in execute_callable
    return self.python_callable(*self.op_args, **self.op_kwargs)
  File "/opt/airflow/dags/ml_pipeline_dag.py", line 52, in retrain_and_register
    res = train_with_pycaret(
  File "/opt/airflow/src/train.py", line 25, in train_with_pycaret
    setup(
  File "/home/airflow/.local/lib/python3.10/site-packages/pycaret/classification/functional.py", line 595, in setup
    return exp.setup(
  File "/home/airflow/.local/lib/python3.10/site-packages/pycaret/classification/oop.py", line 1014, in setup
    self._set_up_logging(
  File "/home/airflow/.local/lib/python3.10/site-packages/pycaret/internal/pycaret_experiment/supervised_experiment.py", line 268, in _set_up_logging
    self.logging_param.log_experiment(
  File "/home/airflow/.local/lib/python3.10/site-packages/pycaret/loggers/dashboard_logger.py", line 229, in log_experiment
    [
  File "/home/airflow/.local/lib/python3.10/site-packages/pycaret/loggers/dashboard_logger.py", line 230, in <listcomp>
    logger.log_artifact(
  File "/home/airflow/.local/lib/python3.10/site-packages/pycaret/loggers/mlflow_logger.py", line 125, in log_artifact
    mlflow.log_artifact(file)
  File "/home/airflow/.local/lib/python3.10/site-packages/mlflow/tracking/fluent.py", line 1068, in log_artifact
    MlflowClient().log_artifact(run_id, local_path, artifact_path)
  File "/home/airflow/.local/lib/python3.10/site-packages/mlflow/tracking/client.py", line 1914, in log_artifact
    self._tracking_client.log_artifact(run_id, local_path, artifact_path)
  File "/home/airflow/.local/lib/python3.10/site-packages/mlflow/tracking/_tracking_service/client.py", line 810, in log_artifact
    artifact_repo.log_artifact(local_path, artifact_path)
  File "/home/airflow/.local/lib/python3.10/site-packages/mlflow/store/artifact/local_artifact_repo.py", line 43, in log_artifact
    mkdir(artifact_dir)
  File "/home/airflow/.local/lib/python3.10/site-packages/mlflow/utils/file_utils.py", line 214, in mkdir
    raise e
  File "/home/airflow/.local/lib/python3.10/site-packages/mlflow/utils/file_utils.py", line 211, in mkdir
    os.makedirs(target, exist_ok=True)
  File "/usr/local/lib/python3.10/os.py", line 215, in makedirs
    makedirs(head, exist_ok=exist_ok)
  File "/usr/local/lib/python3.10/os.py", line 215, in makedirs
    makedirs(head, exist_ok=exist_ok)
  File "/usr/local/lib/python3.10/os.py", line 215, in makedirs
    makedirs(head, exist_ok=exist_ok)
  [Previous line repeated 1 more time]
  File "/usr/local/lib/python3.10/os.py", line 225, in makedirs
    mkdir(name, mode)
PermissionError: [Errno 13] Permission denied: '/mlflow'
[2026-01-15T15:49:14.584+0000] {taskinstance.py:1149} INFO - Marking task as FAILED. dag_id=ml_process_from_drift_to_ab, task_id=retrain_and_register, execution_date=20260114T000000, start_date=20260115T154911, end_date=20260115T154914
[2026-01-15T15:49:14.600+0000] {standard_task_runner.py:107} ERROR - Failed to execute job 6 for task retrain_and_register ([Errno 13] Permission denied: '/mlflow'; 230)
[2026-01-15T15:49:14.654+0000] {local_task_job_runner.py:234} INFO - Task exited with return code 1
[2026-01-15T15:49:14.669+0000] {taskinstance.py:3312} INFO - 0 downstream tasks scheduled from follow-on schedule check
[2026-01-15T15:53:34.025+0000] {taskinstance.py:1979} INFO - Dependencies all met for dep_context=non-requeueable deps ti=<TaskInstance: ml_process_from_drift_to_ab.retrain_and_register scheduled__2026-01-14T00:00:00+00:00 [queued]>
[2026-01-15T15:53:34.033+0000] {taskinstance.py:1979} INFO - Dependencies all met for dep_context=requeueable deps ti=<TaskInstance: ml_process_from_drift_to_ab.retrain_and_register scheduled__2026-01-14T00:00:00+00:00 [queued]>
[2026-01-15T15:53:34.033+0000] {taskinstance.py:2193} INFO - Starting attempt 1 of 1
[2026-01-15T15:53:34.048+0000] {taskinstance.py:2217} INFO - Executing <Task(_PythonDecoratedOperator): retrain_and_register> on 2026-01-14 00:00:00+00:00
[2026-01-15T15:53:34.058+0000] {standard_task_runner.py:60} INFO - Started process 149 to run task
[2026-01-15T15:53:34.062+0000] {standard_task_runner.py:87} INFO - Running: ['airflow', 'tasks', 'run', 'ml_process_from_drift_to_ab', 'retrain_and_register', 'scheduled__2026-01-14T00:00:00+00:00', '--job-id', '6', '--raw', '--subdir', 'DAGS_FOLDER/ml_pipeline_dag.py', '--cfg-path', '/tmp/tmpk4w45ff7']
[2026-01-15T15:53:34.066+0000] {standard_task_runner.py:88} INFO - Job 6: Subtask retrain_and_register
[2026-01-15T15:53:34.147+0000] {task_command.py:423} INFO - Running <TaskInstance: ml_process_from_drift_to_ab.retrain_and_register scheduled__2026-01-14T00:00:00+00:00 [running]> on host 3a833b60b219
[2026-01-15T15:53:34.211+0000] {taskinstance.py:2513} INFO - Exporting env vars: AIRFLOW_CTX_DAG_OWNER='airflow' AIRFLOW_CTX_DAG_ID='ml_process_from_drift_to_ab' AIRFLOW_CTX_TASK_ID='retrain_and_register' AIRFLOW_CTX_EXECUTION_DATE='2026-01-14T00:00:00+00:00' AIRFLOW_CTX_TRY_NUMBER='1' AIRFLOW_CTX_DAG_RUN_ID='scheduled__2026-01-14T00:00:00+00:00'
[2026-01-15T15:53:34.789+0000] {logging_mixin.py:188} WARNING - 2026/01/15 15:53:34 INFO mlflow.tracking.fluent: Experiment with name 'pycaret_automl' does not exist. Creating a new experiment.
[2026-01-15T15:53:37.020+0000] {logging_mixin.py:188} WARNING - 2026/01/15 15:53:37 WARNING mlflow.utils.git_utils: Failed to import Git (the Git executable is probably not on your PATH), so Git SHA is not available. Error: Failed to initialize: Bad git executable.
The git executable must be specified in one of the following ways:
    - be included in your $PATH
    - be set via $GIT_PYTHON_GIT_EXECUTABLE
    - explicitly set via git.refresh(<full-path-to-git-executable>)

All git commands will error until this is rectified.

This initial message can be silenced or aggravated in the future by setting the
$GIT_PYTHON_REFRESH environment variable. Use one of the following values:
    - quiet|q|silence|s|silent|none|n|0: for no message or exception
    - warn|w|warning|log|l|1: for a warning message (logging level CRITICAL, displayed by default)
    - error|e|exception|raise|r|2: for a raised exception

Example:
    export GIT_PYTHON_REFRESH=quiet
[2026-01-15T15:53:40.325+0000] {logging_mixin.py:188} WARNING - Processing:   0%|          | 0/61 [00:00<?, ?it/s]
[2026-01-15T15:53:55.425+0000] {logging_mixin.py:188} WARNING - Processing:   8%|8         | 5/61 [00:15<02:49,  3.02s/it]
[2026-01-15T15:53:55.670+0000] {logging_mixin.py:188} WARNING - Processing:  11%|#1        | 7/61 [00:15<01:46,  1.97s/it]
[2026-01-15T15:54:05.404+0000] {logging_mixin.py:188} WARNING - Processing:  15%|#4        | 9/61 [00:25<02:33,  2.96s/it]
[2026-01-15T15:54:05.629+0000] {logging_mixin.py:188} WARNING - Processing:  18%|#8        | 11/61 [00:25<01:41,  2.02s/it]
[2026-01-15T15:54:05.895+0000] {logging_mixin.py:188} WARNING - Processing:  25%|##4       | 15/61 [00:25<00:49,  1.08s/it]
[2026-01-15T15:54:06.032+0000] {logging_mixin.py:188} WARNING - Processing:  28%|##7       | 17/61 [00:25<00:35,  1.22it/s]
[2026-01-15T15:54:06.269+0000] {logging_mixin.py:188} WARNING - Processing:  31%|###1      | 19/61 [00:25<00:26,  1.59it/s]
[2026-01-15T15:54:06.414+0000] {logging_mixin.py:188} WARNING - Processing:  34%|###4      | 21/61 [00:26<00:19,  2.10it/s]
[2026-01-15T15:54:06.611+0000] {logging_mixin.py:188} WARNING - Processing:  38%|###7      | 23/61 [00:26<00:14,  2.71it/s]
[2026-01-15T15:54:06.725+0000] {logging_mixin.py:188} WARNING - Processing:  41%|####      | 25/61 [00:26<00:10,  3.59it/s]
[2026-01-15T15:54:06.900+0000] {logging_mixin.py:188} WARNING - Processing:  44%|####4     | 27/61 [00:26<00:07,  4.49it/s]
[2026-01-15T15:54:07.576+0000] {logging_mixin.py:188} WARNING - Processing:  48%|####7     | 29/61 [00:27<00:08,  3.89it/s]
[2026-01-15T15:54:07.738+0000] {logging_mixin.py:188} WARNING - Processing:  51%|#####     | 31/61 [00:27<00:06,  4.88it/s]
[2026-01-15T15:54:07.954+0000] {logging_mixin.py:188} WARNING - Processing:  57%|#####7    | 35/61 [00:27<00:03,  7.37it/s]
[2026-01-15T15:54:08.125+0000] {logging_mixin.py:188} WARNING - Processing:  61%|######    | 37/61 [00:27<00:02,  8.11it/s]
[2026-01-15T15:54:08.330+0000] {logging_mixin.py:188} WARNING - Processing:  64%|######3   | 39/61 [00:28<00:02,  8.49it/s]
[2026-01-15T15:54:08.769+0000] {logging_mixin.py:188} WARNING - Processing:  67%|######7   | 41/61 [00:28<00:02,  6.88it/s]
[2026-01-15T15:54:08.928+0000] {logging_mixin.py:188} WARNING - Processing:  70%|#######   | 43/61 [00:28<00:02,  7.87it/s]
[2026-01-15T15:54:09.158+0000] {logging_mixin.py:188} WARNING - Processing:  77%|#######7  | 47/61 [00:28<00:01, 10.40it/s]
[2026-01-15T15:54:09.472+0000] {logging_mixin.py:188} WARNING - Processing:  80%|########  | 49/61 [00:29<00:01,  9.03it/s]
[2026-01-15T15:54:09.619+0000] {logging_mixin.py:188} WARNING - Processing:  84%|########3 | 51/61 [00:29<00:01,  9.88it/s]
[2026-01-15T15:54:11.840+0000] {logging_mixin.py:188} WARNING - Processing:  87%|########6 | 53/61 [00:31<00:02,  2.69it/s]
[2026-01-15T15:54:12.032+0000] {logging_mixin.py:188} WARNING - Processing:  90%|######### | 55/61 [00:31<00:01,  3.39it/s]
[2026-01-15T15:54:12.268+0000] {logging_mixin.py:188} WARNING - Processing:  97%|#########6| 59/61 [00:31<00:00,  5.24it/s]
[2026-01-15T15:54:12.437+0000] {logging_mixin.py:188} WARNING - Processing: 100%|##########| 61/61 [00:32<00:00,  6.04it/s]
[2026-01-15T15:54:12.438+0000] {logging_mixin.py:188} WARNING -                                                            
[2026-01-15T15:55:38.549+0000] {logging_mixin.py:188} INFO -                                     Model  Accuracy     AUC  Recall   Prec.  \
lda          Linear Discriminant Analysis    1.0000  0.0000  1.0000  1.0000   
lr                    Logistic Regression    0.9444  0.0000  0.9444  0.9556   
nb                            Naive Bayes    0.9444  1.0000  0.9444  0.9556   
qda       Quadratic Discriminant Analysis    0.9444  0.0000  0.9444  0.9556   
ada                  Ada Boost Classifier    0.9188  0.0000  0.9188  0.9350   
gbc          Gradient Boosting Classifier    0.9188  0.0000  0.9188  0.9350   
et                 Extra Trees Classifier    0.9188  1.0000  0.9188  0.9350   
knn                K Neighbors Classifier    0.8932  0.9931  0.8932  0.9214   
dt               Decision Tree Classifier    0.8932  0.9213  0.8932  0.9214   
rf               Random Forest Classifier    0.8932  0.9931  0.8932  0.9214   
svm                   SVM - Linear Kernel    0.6752  0.0000  0.6752  0.4886   
ridge                    Ridge Classifier    0.6752  0.0000  0.6752  0.6160   
lightgbm  Light Gradient Boosting Machine    0.3248  0.5000  0.3248  0.1056   
dummy                    Dummy Classifier    0.3248  0.5000  0.3248  0.1056   

              F1   Kappa     MCC  TT (Sec)  
lda       1.0000  1.0000  1.0000    0.0267  
lr        0.9436  0.9167  0.9228    5.0300  
nb        0.9436  0.9167  0.9228    0.0300  
qda       0.9436  0.9167  0.9228    0.0233  
ada       0.9179  0.8783  0.8871    0.0567  
gbc       0.9179  0.8783  0.8871    0.1467  
et        0.9179  0.8783  0.8871    0.1033  
knn       0.8910  0.8406  0.8562    3.2433  
dt        0.8910  0.8406  0.8562    0.0433  
rf        0.8910  0.8406  0.8562    0.2233  
svm       0.5571  0.5062  0.6044    0.0467  
ridge     0.6222  0.5091  0.5609    0.0367  
lightgbm  0.1594  0.0000  0.0000    0.7400  
dummy     0.1594  0.0000  0.0000    0.0233  
[2026-01-15T15:55:43.573+0000] {taskinstance.py:2731} ERROR - Task failed with exception
Traceback (most recent call last):
  File "/home/airflow/.local/lib/python3.10/site-packages/airflow/models/taskinstance.py", line 444, in _execute_task
    result = _execute_callable(context=context, **execute_callable_kwargs)
  File "/home/airflow/.local/lib/python3.10/site-packages/airflow/models/taskinstance.py", line 414, in _execute_callable
    return execute_callable(context=context, **execute_callable_kwargs)
  File "/home/airflow/.local/lib/python3.10/site-packages/airflow/decorators/base.py", line 241, in execute
    return_value = super().execute(context)
  File "/home/airflow/.local/lib/python3.10/site-packages/airflow/operators/python.py", line 200, in execute
    return_value = self.execute_callable()
  File "/home/airflow/.local/lib/python3.10/site-packages/airflow/operators/python.py", line 217, in execute_callable
    return self.python_callable(*self.op_args, **self.op_kwargs)
  File "/opt/airflow/dags/ml_pipeline_dag.py", line 52, in retrain_and_register
    res = train_with_pycaret(
  File "/opt/airflow/src/train.py", line 43, in train_with_pycaret
    with mlflow.start_run(run_name=export_run_name) as run:
  File "/home/airflow/.local/lib/python3.10/site-packages/mlflow/tracking/fluent.py", line 306, in start_run
    raise Exception(
Exception: Run with UUID 3b0d5937c2984268abf0528c388ad717 is already active. To start a new run, first end the current run with mlflow.end_run(). To start a nested run, call start_run with nested=True
[2026-01-15T15:55:43.652+0000] {taskinstance.py:1149} INFO - Marking task as FAILED. dag_id=ml_process_from_drift_to_ab, task_id=retrain_and_register, execution_date=20260114T000000, start_date=20260115T155334, end_date=20260115T155543
[2026-01-15T15:55:43.702+0000] {standard_task_runner.py:107} ERROR - Failed to execute job 6 for task retrain_and_register (Run with UUID 3b0d5937c2984268abf0528c388ad717 is already active. To start a new run, first end the current run with mlflow.end_run(). To start a nested run, call start_run with nested=True; 149)
[2026-01-15T15:55:43.705+0000] {logging_mixin.py:188} WARNING - 
[2026-01-15T15:55:44.038+0000] {local_task_job_runner.py:234} INFO - Task exited with return code 1
[2026-01-15T15:55:44.063+0000] {taskinstance.py:3312} INFO - 0 downstream tasks scheduled from follow-on schedule check
[2026-01-15T16:08:12.925+0000] {taskinstance.py:1979} INFO - Dependencies all met for dep_context=non-requeueable deps ti=<TaskInstance: ml_process_from_drift_to_ab.retrain_and_register scheduled__2026-01-14T00:00:00+00:00 [queued]>
[2026-01-15T16:08:12.932+0000] {taskinstance.py:1979} INFO - Dependencies all met for dep_context=requeueable deps ti=<TaskInstance: ml_process_from_drift_to_ab.retrain_and_register scheduled__2026-01-14T00:00:00+00:00 [queued]>
[2026-01-15T16:08:12.932+0000] {taskinstance.py:2193} INFO - Starting attempt 1 of 1
[2026-01-15T16:08:12.948+0000] {taskinstance.py:2217} INFO - Executing <Task(_PythonDecoratedOperator): retrain_and_register> on 2026-01-14 00:00:00+00:00
[2026-01-15T16:08:12.957+0000] {standard_task_runner.py:60} INFO - Started process 619 to run task
[2026-01-15T16:08:12.963+0000] {standard_task_runner.py:87} INFO - Running: ['airflow', 'tasks', 'run', 'ml_process_from_drift_to_ab', 'retrain_and_register', 'scheduled__2026-01-14T00:00:00+00:00', '--job-id', '6', '--raw', '--subdir', 'DAGS_FOLDER/ml_pipeline_dag.py', '--cfg-path', '/tmp/tmpznat8bsl']
[2026-01-15T16:08:12.966+0000] {standard_task_runner.py:88} INFO - Job 6: Subtask retrain_and_register
[2026-01-15T16:08:13.378+0000] {task_command.py:423} INFO - Running <TaskInstance: ml_process_from_drift_to_ab.retrain_and_register scheduled__2026-01-14T00:00:00+00:00 [running]> on host 0a5dcabd7b10
[2026-01-15T16:08:13.457+0000] {taskinstance.py:2513} INFO - Exporting env vars: AIRFLOW_CTX_DAG_OWNER='airflow' AIRFLOW_CTX_DAG_ID='ml_process_from_drift_to_ab' AIRFLOW_CTX_TASK_ID='retrain_and_register' AIRFLOW_CTX_EXECUTION_DATE='2026-01-14T00:00:00+00:00' AIRFLOW_CTX_TRY_NUMBER='1' AIRFLOW_CTX_DAG_RUN_ID='scheduled__2026-01-14T00:00:00+00:00'
[2026-01-15T16:08:14.510+0000] {logging_mixin.py:188} WARNING - 2026/01/15 16:08:14 WARNING mlflow.utils.git_utils: Failed to import Git (the Git executable is probably not on your PATH), so Git SHA is not available. Error: Failed to initialize: Bad git executable.
The git executable must be specified in one of the following ways:
    - be included in your $PATH
    - be set via $GIT_PYTHON_GIT_EXECUTABLE
    - explicitly set via git.refresh(<full-path-to-git-executable>)

All git commands will error until this is rectified.

This initial message can be silenced or aggravated in the future by setting the
$GIT_PYTHON_REFRESH environment variable. Use one of the following values:
    - quiet|q|silence|s|silent|none|n|0: for no message or exception
    - warn|w|warning|log|l|1: for a warning message (logging level CRITICAL, displayed by default)
    - error|e|exception|raise|r|2: for a raised exception

Example:
    export GIT_PYTHON_REFRESH=quiet
[2026-01-15T16:08:18.208+0000] {logging_mixin.py:188} WARNING - Processing:   0%|          | 0/61 [00:00<?, ?it/s]
[2026-01-15T16:08:21.019+0000] {logging_mixin.py:188} WARNING - Processing:   8%|8         | 5/61 [00:02<00:31,  1.78it/s]
[2026-01-15T16:08:21.214+0000] {logging_mixin.py:188} WARNING - Processing:  11%|#1        | 7/61 [00:03<00:21,  2.54it/s]
[2026-01-15T16:08:38.247+0000] {logging_mixin.py:188} WARNING - Processing:  15%|#4        | 9/61 [00:20<02:44,  3.17s/it]
[2026-01-15T16:08:38.402+0000] {logging_mixin.py:188} WARNING - Processing:  18%|#8        | 11/61 [00:20<01:47,  2.16s/it]
[2026-01-15T16:08:38.666+0000] {logging_mixin.py:188} WARNING - Processing:  21%|##1       | 13/61 [00:20<01:12,  1.51s/it]
[2026-01-15T16:08:38.828+0000] {logging_mixin.py:188} WARNING - Processing:  25%|##4       | 15/61 [00:20<00:48,  1.06s/it]
[2026-01-15T16:08:39.041+0000] {logging_mixin.py:188} WARNING - Processing:  31%|###1      | 19/61 [00:20<00:24,  1.71it/s]
[2026-01-15T16:08:39.456+0000] {logging_mixin.py:188} WARNING - Processing:  34%|###4      | 21/61 [00:21<00:19,  2.04it/s]
[2026-01-15T16:08:39.621+0000] {logging_mixin.py:188} WARNING - Processing:  38%|###7      | 23/61 [00:21<00:14,  2.62it/s]
[2026-01-15T16:08:40.079+0000] {logging_mixin.py:188} WARNING - Processing:  41%|####      | 25/61 [00:21<00:12,  2.94it/s]
[2026-01-15T16:08:40.262+0000] {logging_mixin.py:188} WARNING - Processing:  44%|####4     | 27/61 [00:22<00:09,  3.70it/s]
[2026-01-15T16:08:41.298+0000] {logging_mixin.py:188} WARNING - Processing:  48%|####7     | 29/61 [00:23<00:10,  2.93it/s]
[2026-01-15T16:08:41.606+0000] {logging_mixin.py:188} WARNING - Processing:  51%|#####     | 31/61 [00:23<00:08,  3.49it/s]
[2026-01-15T16:08:41.825+0000] {logging_mixin.py:188} WARNING - Processing:  54%|#####4    | 33/61 [00:23<00:06,  4.26it/s]
[2026-01-15T16:08:42.106+0000] {logging_mixin.py:188} WARNING - Processing:  57%|#####7    | 35/61 [00:23<00:05,  4.83it/s]
[2026-01-15T16:08:42.688+0000] {logging_mixin.py:188} WARNING - Processing:  61%|######    | 37/61 [00:24<00:05,  4.31it/s]
[2026-01-15T16:08:42.867+0000] {logging_mixin.py:188} WARNING - Processing:  64%|######3   | 39/61 [00:24<00:04,  5.28it/s]
[2026-01-15T16:08:43.445+0000] {logging_mixin.py:188} WARNING - Processing:  67%|######7   | 41/61 [00:25<00:04,  4.56it/s]
[2026-01-15T16:08:43.590+0000] {logging_mixin.py:188} WARNING - Processing:  70%|#######   | 43/61 [00:25<00:03,  5.70it/s]
[2026-01-15T16:08:43.765+0000] {logging_mixin.py:188} WARNING - Processing:  77%|#######7  | 47/61 [00:25<00:01,  8.72it/s]
[2026-01-15T16:08:44.774+0000] {logging_mixin.py:188} WARNING - Processing:  80%|########  | 49/61 [00:26<00:02,  4.73it/s]
[2026-01-15T16:08:44.918+0000] {logging_mixin.py:188} WARNING - Processing:  84%|########3 | 51/61 [00:26<00:01,  5.72it/s]
[2026-01-15T16:08:46.841+0000] {logging_mixin.py:188} WARNING - Processing:  87%|########6 | 53/61 [00:28<00:03,  2.57it/s]
[2026-01-15T16:08:47.031+0000] {logging_mixin.py:188} WARNING - Processing:  90%|######### | 55/61 [00:28<00:01,  3.26it/s]
[2026-01-15T16:08:47.267+0000] {logging_mixin.py:188} WARNING - Processing:  93%|#########3| 57/61 [00:29<00:01,  3.96it/s]
[2026-01-15T16:08:47.486+0000] {logging_mixin.py:188} WARNING - Processing:  97%|#########6| 59/61 [00:29<00:00,  4.73it/s]
[2026-01-15T16:08:47.666+0000] {logging_mixin.py:188} WARNING - Processing: 100%|##########| 61/61 [00:29<00:00,  5.69it/s]
[2026-01-15T16:08:47.666+0000] {logging_mixin.py:188} WARNING -                                                            
[2026-01-15T16:10:26.762+0000] {logging_mixin.py:188} INFO -                                     Model  Accuracy     AUC  Recall   Prec.  \
lda          Linear Discriminant Analysis    1.0000  0.0000  1.0000  1.0000   
lr                    Logistic Regression    0.9444  0.0000  0.9444  0.9556   
nb                            Naive Bayes    0.9444  1.0000  0.9444  0.9556   
qda       Quadratic Discriminant Analysis    0.9444  0.0000  0.9444  0.9556   
ada                  Ada Boost Classifier    0.9188  0.0000  0.9188  0.9350   
gbc          Gradient Boosting Classifier    0.9188  0.0000  0.9188  0.9350   
et                 Extra Trees Classifier    0.9188  1.0000  0.9188  0.9350   
knn                K Neighbors Classifier    0.8932  0.9931  0.8932  0.9214   
dt               Decision Tree Classifier    0.8932  0.9213  0.8932  0.9214   
rf               Random Forest Classifier    0.8932  0.9931  0.8932  0.9214   
svm                   SVM - Linear Kernel    0.6752  0.0000  0.6752  0.4886   
ridge                    Ridge Classifier    0.6752  0.0000  0.6752  0.6160   
lightgbm  Light Gradient Boosting Machine    0.3248  0.5000  0.3248  0.1056   
dummy                    Dummy Classifier    0.3248  0.5000  0.3248  0.1056   

              F1   Kappa     MCC  TT (Sec)  
lda       1.0000  1.0000  1.0000    0.0133  
lr        0.9436  0.9167  0.9228    0.9333  
nb        0.9436  0.9167  0.9228    0.0700  
qda       0.9436  0.9167  0.9228    0.0700  
ada       0.9179  0.8783  0.8871    0.1900  
gbc       0.9179  0.8783  0.8871    0.1933  
et        0.9179  0.8783  0.8871    0.3367  
knn       0.8910  0.8406  0.8562    5.6767  
dt        0.8910  0.8406  0.8562    0.0200  
rf        0.8910  0.8406  0.8562    0.3433  
svm       0.5571  0.5062  0.6044    0.1367  
ridge     0.6222  0.5091  0.5609    0.1533  
lightgbm  0.1594  0.0000  0.0000    0.6400  
dummy     0.1594  0.0000  0.0000    0.0767  
[2026-01-15T16:11:40.207+0000] {logging_mixin.py:188} WARNING - Registered model 'iris_classifier' already exists. Creating a new version of this model...
[2026-01-15T16:11:40.716+0000] {logging_mixin.py:188} WARNING - 2026/01/15 16:11:40 INFO mlflow.store.model_registry.abstract_store: Waiting up to 300 seconds for model version to finish creation. Model name: iris_classifier, version 2
[2026-01-15T16:11:40.720+0000] {logging_mixin.py:188} WARNING - Created version '2' of model 'iris_classifier'.
[2026-01-15T16:11:41.127+0000] {python.py:202} INFO - Done. Returned value was: {'train': {'export_run_id': '7209ba9c14ce4ca9b8a0b4475459c154', 'train_acc_quick': 0.9811320754716981}, 'registry': {'model_name': 'iris_classifier', 'version': 2, 'stage': 'Staging'}, 'drift': {'drift_detected': True, 'drift_score': 4.20098717722581, 'report': {'psi_per_feature': {'sepal_length': 0.15730568194638933, 'sepal_width': 0.18138592907280046, 'petal_length': 4.038388988030636, 'petal_width': 4.20098717722581}, 'psi_max': 4.20098717722581, 'psi_mean': 2.1445169440689087}, 'baseline': '/opt/airflow/data/baseline.csv', 'current': '/opt/airflow/data/current.csv', 'shift': 0.8}}
[2026-01-15T16:11:41.154+0000] {taskinstance.py:1149} INFO - Marking task as SUCCESS. dag_id=ml_process_from_drift_to_ab, task_id=retrain_and_register, execution_date=20260114T000000, start_date=20260115T160812, end_date=20260115T161141
[2026-01-15T16:11:41.211+0000] {local_task_job_runner.py:234} INFO - Task exited with return code 0
[2026-01-15T16:11:41.220+0000] {taskinstance.py:3312} INFO - 0 downstream tasks scheduled from follow-on schedule check
[2026-01-15T16:47:24.844+0000] {taskinstance.py:1979} INFO - Dependencies all met for dep_context=non-requeueable deps ti=<TaskInstance: ml_process_from_drift_to_ab.retrain_and_register scheduled__2026-01-14T00:00:00+00:00 [queued]>
[2026-01-15T16:47:24.852+0000] {taskinstance.py:1979} INFO - Dependencies all met for dep_context=requeueable deps ti=<TaskInstance: ml_process_from_drift_to_ab.retrain_and_register scheduled__2026-01-14T00:00:00+00:00 [queued]>
[2026-01-15T16:47:24.852+0000] {taskinstance.py:2193} INFO - Starting attempt 1 of 1
[2026-01-15T16:47:24.867+0000] {taskinstance.py:2217} INFO - Executing <Task(_PythonDecoratedOperator): retrain_and_register> on 2026-01-14 00:00:00+00:00
[2026-01-15T16:47:24.880+0000] {standard_task_runner.py:60} INFO - Started process 160 to run task
[2026-01-15T16:47:24.896+0000] {standard_task_runner.py:87} INFO - Running: ['airflow', 'tasks', 'run', 'ml_process_from_drift_to_ab', 'retrain_and_register', 'scheduled__2026-01-14T00:00:00+00:00', '--job-id', '6', '--raw', '--subdir', 'DAGS_FOLDER/ml_pipeline_dag.py', '--cfg-path', '/tmp/tmp2td5nz04']
[2026-01-15T16:47:24.908+0000] {standard_task_runner.py:88} INFO - Job 6: Subtask retrain_and_register
[2026-01-15T16:47:25.049+0000] {task_command.py:423} INFO - Running <TaskInstance: ml_process_from_drift_to_ab.retrain_and_register scheduled__2026-01-14T00:00:00+00:00 [running]> on host 9d2f2e43e259
[2026-01-15T16:47:25.153+0000] {taskinstance.py:2513} INFO - Exporting env vars: AIRFLOW_CTX_DAG_OWNER='airflow' AIRFLOW_CTX_DAG_ID='ml_process_from_drift_to_ab' AIRFLOW_CTX_TASK_ID='retrain_and_register' AIRFLOW_CTX_EXECUTION_DATE='2026-01-14T00:00:00+00:00' AIRFLOW_CTX_TRY_NUMBER='1' AIRFLOW_CTX_DAG_RUN_ID='scheduled__2026-01-14T00:00:00+00:00'
[2026-01-15T16:47:26.411+0000] {logging_mixin.py:188} WARNING - 2026/01/15 16:47:26 WARNING mlflow.utils.git_utils: Failed to import Git (the Git executable is probably not on your PATH), so Git SHA is not available. Error: Failed to initialize: Bad git executable.
The git executable must be specified in one of the following ways:
    - be included in your $PATH
    - be set via $GIT_PYTHON_GIT_EXECUTABLE
    - explicitly set via git.refresh(<full-path-to-git-executable>)

All git commands will error until this is rectified.

This initial message can be silenced or aggravated in the future by setting the
$GIT_PYTHON_REFRESH environment variable. Use one of the following values:
    - quiet|q|silence|s|silent|none|n|0: for no message or exception
    - warn|w|warning|log|l|1: for a warning message (logging level CRITICAL, displayed by default)
    - error|e|exception|raise|r|2: for a raised exception

Example:
    export GIT_PYTHON_REFRESH=quiet
[2026-01-15T16:47:29.489+0000] {logging_mixin.py:188} WARNING - Processing:   0%|          | 0/61 [00:00<?, ?it/s]
[2026-01-15T16:47:32.269+0000] {logging_mixin.py:188} WARNING - Processing:   8%|8         | 5/61 [00:02<00:31,  1.80it/s]
[2026-01-15T16:47:32.636+0000] {logging_mixin.py:188} WARNING - Processing:  11%|#1        | 7/61 [00:03<00:22,  2.38it/s]
[2026-01-15T16:47:34.706+0000] {logging_mixin.py:188} WARNING - Processing:  15%|#4        | 9/61 [00:05<00:32,  1.59it/s]
[2026-01-15T16:47:34.866+0000] {logging_mixin.py:188} WARNING - Processing:  18%|#8        | 11/61 [00:05<00:22,  2.22it/s]
[2026-01-15T16:47:35.052+0000] {logging_mixin.py:188} WARNING - Processing:  25%|##4       | 15/61 [00:05<00:11,  3.93it/s]
[2026-01-15T16:47:35.226+0000] {logging_mixin.py:188} WARNING - Processing:  31%|###1      | 19/61 [00:05<00:07,  5.94it/s]
[2026-01-15T16:47:35.428+0000] {logging_mixin.py:188} WARNING - Processing:  38%|###7      | 23/61 [00:05<00:04,  8.00it/s]
[2026-01-15T16:47:35.608+0000] {logging_mixin.py:188} WARNING - Processing:  44%|####4     | 27/61 [00:06<00:03, 10.28it/s]
[2026-01-15T16:47:35.921+0000] {logging_mixin.py:188} WARNING - Processing:  48%|####7     | 29/61 [00:06<00:03,  9.17it/s]
[2026-01-15T16:47:36.051+0000] {logging_mixin.py:188} WARNING - Processing:  51%|#####     | 31/61 [00:06<00:02, 10.06it/s]
[2026-01-15T16:47:36.225+0000] {logging_mixin.py:188} WARNING - Processing:  57%|#####7    | 35/61 [00:06<00:02, 12.86it/s]
[2026-01-15T16:47:36.354+0000] {logging_mixin.py:188} WARNING - Processing:  61%|######    | 37/61 [00:06<00:01, 13.35it/s]
[2026-01-15T16:47:36.490+0000] {logging_mixin.py:188} WARNING - Processing:  64%|######3   | 39/61 [00:06<00:01, 13.65it/s]
[2026-01-15T16:47:36.721+0000] {logging_mixin.py:188} WARNING - Processing:  67%|######7   | 41/61 [00:07<00:01, 11.92it/s]
[2026-01-15T16:47:36.852+0000] {logging_mixin.py:188} WARNING - Processing:  70%|#######   | 43/61 [00:07<00:01, 12.65it/s]
[2026-01-15T16:47:37.020+0000] {logging_mixin.py:188} WARNING - Processing:  77%|#######7  | 47/61 [00:07<00:00, 15.86it/s]
[2026-01-15T16:47:37.281+0000] {logging_mixin.py:188} WARNING - Processing:  80%|########  | 49/61 [00:07<00:00, 12.66it/s]
[2026-01-15T16:47:37.447+0000] {logging_mixin.py:188} WARNING - Processing:  84%|########3 | 51/61 [00:07<00:00, 12.51it/s]
[2026-01-15T16:47:38.302+0000] {logging_mixin.py:188} WARNING - Processing:  87%|########6 | 53/61 [00:08<00:01,  5.82it/s]
[2026-01-15T16:47:38.457+0000] {logging_mixin.py:188} WARNING - Processing:  90%|######### | 55/61 [00:08<00:00,  6.85it/s]
[2026-01-15T16:47:38.640+0000] {logging_mixin.py:188} WARNING - Processing:  97%|#########6| 59/61 [00:09<00:00,  9.81it/s]
[2026-01-15T16:47:38.784+0000] {logging_mixin.py:188} WARNING - Processing: 100%|##########| 61/61 [00:09<00:00, 10.54it/s]
[2026-01-15T16:47:38.785+0000] {logging_mixin.py:188} WARNING -                                                            
[2026-01-15T16:48:43.752+0000] {logging_mixin.py:188} INFO -                                     Model  Accuracy     AUC  Recall   Prec.  \
lda          Linear Discriminant Analysis    1.0000  0.0000  1.0000  1.0000   
lr                    Logistic Regression    0.9444  0.0000  0.9444  0.9556   
nb                            Naive Bayes    0.9444  1.0000  0.9444  0.9556   
qda       Quadratic Discriminant Analysis    0.9444  0.0000  0.9444  0.9556   
knn                K Neighbors Classifier    0.9188  0.9931  0.9188  0.9350   
ada                  Ada Boost Classifier    0.9188  0.0000  0.9188  0.9350   
gbc          Gradient Boosting Classifier    0.9188  0.0000  0.9188  0.9350   
et                 Extra Trees Classifier    0.9188  1.0000  0.9188  0.9350   
dt               Decision Tree Classifier    0.8932  0.9213  0.8932  0.9214   
rf               Random Forest Classifier    0.8932  0.9965  0.8932  0.9214   
svm                   SVM - Linear Kernel    0.7585  0.0000  0.7585  0.6330   
ridge                    Ridge Classifier    0.6752  0.0000  0.6752  0.6160   
lightgbm  Light Gradient Boosting Machine    0.3248  0.5000  0.3248  0.1056   
dummy                    Dummy Classifier    0.3248  0.5000  0.3248  0.1056   

              F1   Kappa     MCC  TT (Sec)  
lda       1.0000  1.0000  1.0000    0.0133  
lr        0.9436  0.9167  0.9228    0.9233  
nb        0.9436  0.9167  0.9228    0.0167  
qda       0.9436  0.9167  0.9228    0.0133  
knn       0.9179  0.8783  0.8871    0.6900  
ada       0.9179  0.8783  0.8871    0.0433  
gbc       0.9179  0.8783  0.8871    0.0767  
et        0.9179  0.8783  0.8871    0.0867  
dt        0.8910  0.8406  0.8562    0.0133  
rf        0.8910  0.8406  0.8562    0.1033  
svm       0.6770  0.6312  0.6951    0.0200  
ridge     0.6222  0.5091  0.5609    0.0167  
lightgbm  0.1594  0.0000  0.0000    0.2833  
dummy     0.1594  0.0000  0.0000    0.0133  
[2026-01-15T16:48:52.520+0000] {logging_mixin.py:188} WARNING - Registered model 'iris_classifier' already exists. Creating a new version of this model...
[2026-01-15T16:48:52.694+0000] {logging_mixin.py:188} WARNING - 2026/01/15 16:48:52 INFO mlflow.store.model_registry.abstract_store: Waiting up to 300 seconds for model version to finish creation. Model name: iris_classifier, version 4
[2026-01-15T16:48:52.695+0000] {logging_mixin.py:188} WARNING - Created version '4' of model 'iris_classifier'.
[2026-01-15T16:48:52.934+0000] {python.py:202} INFO - Done. Returned value was: {'train': {'export_run_id': '23c647b7c54b4c03842f620b46761e25', 'train_acc_quick': 0.9811320754716981}, 'registry': {'model_name': 'iris_classifier', 'version': 4, 'stage': 'Staging'}, 'drift': {'drift_detected': True, 'drift_score': 0.6657836894355122, 'report': {'psi_per_feature': {'sepal_length': 0.15730568194638933, 'sepal_width': 0.18138592907280046, 'petal_length': 0.2682708661011944, 'petal_width': 0.6657836894355122}, 'psi_max': 0.6657836894355122, 'psi_mean': 0.3181865416389741}, 'baseline': '/opt/airflow/data/baseline.csv', 'current': '/opt/airflow/data/current.csv', 'shift': 0.05}}
[2026-01-15T16:48:52.954+0000] {taskinstance.py:1149} INFO - Marking task as SUCCESS. dag_id=ml_process_from_drift_to_ab, task_id=retrain_and_register, execution_date=20260114T000000, start_date=20260115T164724, end_date=20260115T164852
[2026-01-15T16:48:53.034+0000] {local_task_job_runner.py:234} INFO - Task exited with return code 0
[2026-01-15T16:48:53.047+0000] {taskinstance.py:3312} INFO - 0 downstream tasks scheduled from follow-on schedule check
[2026-01-15T19:40:17.249+0000] {taskinstance.py:1979} INFO - Dependencies all met for dep_context=non-requeueable deps ti=<TaskInstance: ml_process_from_drift_to_ab.retrain_and_register scheduled__2026-01-14T00:00:00+00:00 [queued]>
[2026-01-15T19:40:17.272+0000] {taskinstance.py:1979} INFO - Dependencies all met for dep_context=requeueable deps ti=<TaskInstance: ml_process_from_drift_to_ab.retrain_and_register scheduled__2026-01-14T00:00:00+00:00 [queued]>
[2026-01-15T19:40:17.273+0000] {taskinstance.py:2193} INFO - Starting attempt 1 of 1
[2026-01-15T19:40:17.287+0000] {taskinstance.py:2217} INFO - Executing <Task(_PythonDecoratedOperator): retrain_and_register> on 2026-01-14 00:00:00+00:00
[2026-01-15T19:40:17.307+0000] {standard_task_runner.py:60} INFO - Started process 160 to run task
[2026-01-15T19:40:17.324+0000] {standard_task_runner.py:87} INFO - Running: ['airflow', 'tasks', 'run', 'ml_process_from_drift_to_ab', 'retrain_and_register', 'scheduled__2026-01-14T00:00:00+00:00', '--job-id', '6', '--raw', '--subdir', 'DAGS_FOLDER/ml_pipeline_dag.py', '--cfg-path', '/tmp/tmpgegad4oo']
[2026-01-15T19:40:17.334+0000] {standard_task_runner.py:88} INFO - Job 6: Subtask retrain_and_register
[2026-01-15T19:40:17.709+0000] {task_command.py:423} INFO - Running <TaskInstance: ml_process_from_drift_to_ab.retrain_and_register scheduled__2026-01-14T00:00:00+00:00 [running]> on host 6c97fd2df566
[2026-01-15T19:40:17.879+0000] {taskinstance.py:2513} INFO - Exporting env vars: AIRFLOW_CTX_DAG_OWNER='airflow' AIRFLOW_CTX_DAG_ID='ml_process_from_drift_to_ab' AIRFLOW_CTX_TASK_ID='retrain_and_register' AIRFLOW_CTX_EXECUTION_DATE='2026-01-14T00:00:00+00:00' AIRFLOW_CTX_TRY_NUMBER='1' AIRFLOW_CTX_DAG_RUN_ID='scheduled__2026-01-14T00:00:00+00:00'
[2026-01-15T19:40:19.897+0000] {logging_mixin.py:188} WARNING - 2026/01/15 19:40:19 WARNING mlflow.utils.git_utils: Failed to import Git (the Git executable is probably not on your PATH), so Git SHA is not available. Error: Failed to initialize: Bad git executable.
The git executable must be specified in one of the following ways:
    - be included in your $PATH
    - be set via $GIT_PYTHON_GIT_EXECUTABLE
    - explicitly set via git.refresh(<full-path-to-git-executable>)

All git commands will error until this is rectified.

This initial message can be silenced or aggravated in the future by setting the
$GIT_PYTHON_REFRESH environment variable. Use one of the following values:
    - quiet|q|silence|s|silent|none|n|0: for no message or exception
    - warn|w|warning|log|l|1: for a warning message (logging level CRITICAL, displayed by default)
    - error|e|exception|raise|r|2: for a raised exception

Example:
    export GIT_PYTHON_REFRESH=quiet
[2026-01-15T19:40:23.550+0000] {logging_mixin.py:188} WARNING - Processing:   0%|          | 0/61 [00:00<?, ?it/s]
[2026-01-15T19:40:26.760+0000] {logging_mixin.py:188} WARNING - Processing:   8%|8         | 5/61 [00:03<00:35,  1.56it/s]
[2026-01-15T19:40:26.985+0000] {logging_mixin.py:188} WARNING - Processing:  11%|#1        | 7/61 [00:03<00:24,  2.23it/s]
[2026-01-15T19:40:29.506+0000] {logging_mixin.py:188} WARNING - Processing:  15%|#4        | 9/61 [00:05<00:37,  1.38it/s]
[2026-01-15T19:40:29.713+0000] {logging_mixin.py:188} WARNING - Processing:  18%|#8        | 11/61 [00:06<00:26,  1.92it/s]
[2026-01-15T19:40:29.898+0000] {logging_mixin.py:188} WARNING - Processing:  25%|##4       | 15/61 [00:06<00:13,  3.43it/s]
[2026-01-15T19:40:30.083+0000] {logging_mixin.py:188} WARNING - Processing:  31%|###1      | 19/61 [00:06<00:08,  5.22it/s]
[2026-01-15T19:40:30.309+0000] {logging_mixin.py:188} WARNING - Processing:  38%|###7      | 23/61 [00:06<00:05,  7.06it/s]
[2026-01-15T19:40:30.514+0000] {logging_mixin.py:188} WARNING - Processing:  44%|####4     | 27/61 [00:06<00:03,  9.05it/s]
[2026-01-15T19:40:30.957+0000] {logging_mixin.py:188} WARNING - Processing:  48%|####7     | 29/61 [00:07<00:04,  7.55it/s]
[2026-01-15T19:40:31.133+0000] {logging_mixin.py:188} WARNING - Processing:  51%|#####     | 31/61 [00:07<00:03,  8.15it/s]
[2026-01-15T19:40:31.381+0000] {logging_mixin.py:188} WARNING - Processing:  57%|#####7    | 35/61 [00:07<00:02, 10.08it/s]
[2026-01-15T19:40:31.568+0000] {logging_mixin.py:188} WARNING - Processing:  61%|######    | 37/61 [00:08<00:02, 10.20it/s]
[2026-01-15T19:40:31.737+0000] {logging_mixin.py:188} WARNING - Processing:  64%|######3   | 39/61 [00:08<00:02, 10.54it/s]
[2026-01-15T19:40:32.000+0000] {logging_mixin.py:188} WARNING - Processing:  67%|######7   | 41/61 [00:08<00:02,  9.61it/s]
[2026-01-15T19:40:32.146+0000] {logging_mixin.py:188} WARNING - Processing:  70%|#######   | 43/61 [00:08<00:01, 10.43it/s]
[2026-01-15T19:40:32.320+0000] {logging_mixin.py:188} WARNING - Processing:  77%|#######7  | 47/61 [00:08<00:01, 13.64it/s]
[2026-01-15T19:40:32.619+0000] {logging_mixin.py:188} WARNING - Processing:  80%|########  | 49/61 [00:09<00:01, 10.97it/s]
[2026-01-15T19:40:32.760+0000] {logging_mixin.py:188} WARNING - Processing:  84%|########3 | 51/61 [00:09<00:00, 11.64it/s]
[2026-01-15T19:40:33.851+0000] {logging_mixin.py:188} WARNING - Processing:  87%|########6 | 53/61 [00:10<00:01,  4.82it/s]
[2026-01-15T19:40:34.001+0000] {logging_mixin.py:188} WARNING - Processing:  90%|######### | 55/61 [00:10<00:01,  5.84it/s]
[2026-01-15T19:40:34.196+0000] {logging_mixin.py:188} WARNING - Processing:  97%|#########6| 59/61 [00:10<00:00,  8.52it/s]
[2026-01-15T19:40:34.353+0000] {logging_mixin.py:188} WARNING - Processing: 100%|##########| 61/61 [00:10<00:00,  9.25it/s]
[2026-01-15T19:40:34.354+0000] {logging_mixin.py:188} WARNING -                                                            
